Removed Pin From Net: NetName=K210IO35 Pin=K1-1
Removed Pin From Net: NetName=K210IO34 Pin=K2-1
Removed Pin From Net: NetName=K210IO33 Pin=K3-1
Removed Pin From Net: NetName=K210IO32 Pin=K4-1
Removed Pin From Net: NetName=K210IO31 Pin=K5-1
Removed Pin From Net: NetName=K210IO30 Pin=K6-1
Removed Pin From Net: NetName=K210IO8 Pin=R5-1
Removed Pin From Net: NetName=ESPIO1 Pin=R5-2
Removed Pin From Net: NetName=K210IO9 Pin=R6-1
Removed Pin From Net: NetName=ESPIO3 Pin=R6-2
Removed Pin From Net: NetName=K210IO10 Pin=R7-1
Removed Pin From Net: NetName=K210IO15 Pin=R8-1
Removed Pin From Net: NetName=K210IO17 Pin=R9-1
Removed Pin From Net: NetName=K210IO21 Pin=R10-1
Change Component Footprint: Designator=R3 Old Footprint=R 0603_M New Footprint=R 0805_M
Change Component Footprint: Designator=R4 Old Footprint=R 0603_M New Footprint=R 0805_M
Change Component Footprint: Designator=R7 Old Footprint=R 0603_M New Footprint=R 0805_M
Change Component Footprint: Designator=R8 Old Footprint=R 0603_M New Footprint=R 0805_M
Change Component Footprint: Designator=R9 Old Footprint=R 0603_M New Footprint=R 0805_M
Change Component Footprint: Designator=R10 Old Footprint=R 0603_M New Footprint=R 0805_M
Change Component Designator: OldDesignator=K1 NewDesignator=K6
Change Component Designator: OldDesignator=K2 NewDesignator=K5
Change Component Designator: OldDesignator=K3 NewDesignator=K4
Change Component Designator: OldDesignator=K4 NewDesignator=K3
Change Component Designator: OldDesignator=K5 NewDesignator=K2
Change Component Designator: OldDesignator=K6 NewDesignator=K1
Change Component Designator: OldDesignator=P7 NewDesignator=P5
Change Component Designator: OldDesignator=R1 NewDesignator=R9
Change Component Designator: OldDesignator=R2 NewDesignator=R10
Change Component Designator: OldDesignator=R3 NewDesignator=R1
Change Component Designator: OldDesignator=R4 NewDesignator=R2
Change Component Designator: OldDesignator=R7 NewDesignator=R3
Change Component Designator: OldDesignator=R8 NewDesignator=R4
Change Component Designator: OldDesignator=R9 NewDesignator=R5
Change Component Designator: OldDesignator=R10 NewDesignator=R6
Change Component Designator: OldDesignator=U1 NewDesignator=U2
Change Component Designator: OldDesignator=U2 NewDesignator=U1
Added Component: Designator=R7(R 0805_M)
Add component. Clean all parameters for all variants
Add component (AddParameter): Name = "LatestRevisionDate"; Value = "17-Jul-2002"; VariantName = "[No Variations]"
Add component (AddParameter): Name = "LatestRevisionNote"; Value = "Re-released for DXP Platform."; VariantName = "[No Variations]"
Add component (AddParameter): Name = "PackageDescription"; Value = "Axial Device, Thru-Hole; 2 Leads; 0.4 in Pin Spacing"; VariantName = "[No Variations]"
Add component (AddParameter): Name = "PackageReference"; Value = "AXIAL-0.4"; VariantName = "[No Variations]"
Add component (AddParameter): Name = "Published"; Value = "8-Jun-2000"; VariantName = "[No Variations]"
Add component (AddParameter): Name = "Publisher"; Value = "Altium Limited"; VariantName = "[No Variations]"
Add component (AddParameter): Name = "Value"; Value = "100"; VariantName = "[No Variations]"
Added Component: Designator=R8(R 0805_M)
Add component. Clean all parameters for all variants
Add component (AddParameter): Name = "LatestRevisionDate"; Value = "17-Jul-2002"; VariantName = "[No Variations]"
Add component (AddParameter): Name = "LatestRevisionNote"; Value = "Re-released for DXP Platform."; VariantName = "[No Variations]"
Add component (AddParameter): Name = "PackageDescription"; Value = "Axial Device, Thru-Hole; 2 Leads; 0.4 in Pin Spacing"; VariantName = "[No Variations]"
Add component (AddParameter): Name = "PackageReference"; Value = "AXIAL-0.4"; VariantName = "[No Variations]"
Add component (AddParameter): Name = "Published"; Value = "8-Jun-2000"; VariantName = "[No Variations]"
Add component (AddParameter): Name = "Publisher"; Value = "Altium Limited"; VariantName = "[No Variations]"
Add component (AddParameter): Name = "Value"; Value = "100"; VariantName = "[No Variations]"
Added Pin To Net: NetName=K210IO35 Pin=K1-1
Added Pin To Net: NetName=K210IO34 Pin=K2-1
Added Pin To Net: NetName=K210IO33 Pin=K3-1
Added Pin To Net: NetName=K210IO32 Pin=K4-1
Added Pin To Net: NetName=K210IO31 Pin=K5-1
Added Pin To Net: NetName=K210IO30 Pin=K6-1
Added Pin To Net: NetName=K210IO8 Pin=R3-1
Added Pin To Net: NetName=K210IO9 Pin=R4-1
Added Pin To Net: NetName=K210IO10 Pin=R5-1
Added Pin To Net: NetName=K210IO15 Pin=R6-1
Added Pin To Net: NetName=K210IO17 Pin=R7-1
Added Pin To Net: NetName=ESPIO17 Pin=R7-2
Added Pin To Net: NetName=K210IO21 Pin=R8-1
Added Pin To Net: NetName=ESPIO16 Pin=R8-2
Added Member To Class: ClassName=Juglans Member=Component K4 KEY?
Added Member To Class: ClassName=Juglans Member=Component K5 KEY?
Added Member To Class: ClassName=Juglans Member=Component K6 KEY?
